[FIREBASE] Using Cloud Firestore (Emulator connection commented out)
Antigravity app listening at http://localhost:3003
[REQUEST] GET /admin/analysis_basic.html
[REQUEST] GET /css/main.css
[REQUEST] GET /css/mainNew.css
[REQUEST] GET /resources/css/ext-all.css
[REQUEST] GET /resources/css/xtheme-gray.css
[REQUEST] GET /js/lit/AppLayout.js
[REQUEST] GET /js/lit/BasicAnalysisPage.js
[REQUEST] GET /js/lit/components/PowdercloudLayout.js
[REQUEST] GET /js/lit/components/PowdercloudContainer.js
[REQUEST] GET /js/lit/components/PowdercloudGrid.js
[REQUEST] GET /js/lit/components/PowdercloudCard.js
[REQUEST] GET /img/bg.png
[REQUEST] GET /js/lit/components/AppHeader.js
[REQUEST] GET /js/lit/components/AppFooter.js
[REQUEST] GET /js/lit/components/AppDisclaimer.js
[REQUEST] GET /js/lit/components/Breadcrumbs.js
[REQUEST] GET /js/lit/components/MegaMenu.js
[REQUEST] GET /json/entity_query_all/?entity=Observation
[ENTITY] Fetching: Observation
[REQUEST] GET /json/entity_query_all/?entity=Terrain
[REQUEST] GET /img/logo.png
[ENTITY] Fetching: Terrain
[REQUEST] GET /favicon.ico
[ENTITY] Found 17546 items for Observation
[ENTITY] Found 1945 items for Terrain
[REQUEST] GET /admin/analysis_basic.html
[REQUEST] GET /css/main.css
[REQUEST] GET /css/mainNew.css
[REQUEST] GET /resources/css/ext-all.css
[REQUEST] GET /resources/css/xtheme-gray.css
[REQUEST] GET /js/lit/AppLayout.js
[REQUEST] GET /js/lit/BasicAnalysisPage.js
[REQUEST] GET /js/lit/components/PowdercloudLayout.js
[REQUEST] GET /js/lit/components/PowdercloudContainer.js
[REQUEST] GET /js/lit/components/PowdercloudGrid.js
[REQUEST] GET /js/lit/components/PowdercloudCard.js
[REQUEST] GET /img/bg.png
[REQUEST] GET /js/lit/components/AppHeader.js
[REQUEST] GET /js/lit/components/AppFooter.js
[REQUEST] GET /js/lit/components/AppDisclaimer.js
[REQUEST] GET /js/lit/components/Breadcrumbs.js
[REQUEST] GET /js/lit/components/MegaMenu.js
[REQUEST] GET /json/entity_query_all/?entity=Terrain
[REQUEST] GET /img/logo.png
[ENTITY] Fetching: Terrain
[REQUEST] GET /json/entity_query_all/?entity=Observation
[ENTITY] Fetching: Observation
[ENTITY] Found 1945 items for Terrain
[REQUEST] GET /dashboard_lit.html
[REQUEST] GET /js/jquery.min-v1.6.3.js
[REQUEST] GET /js/highcharts.js
[REQUEST] GET /css/main.css
[REQUEST] GET /css/mainNew.css
[REQUEST] GET /js/lit/AppLayout.js
[REQUEST] GET /resources/css/ext-all.css
[REQUEST] GET /resources/css/xtheme-gray.css
[REQUEST] GET /js/lit/pages/DashboardPage.js
[REQUEST] GET /img/bg.png
[ENTITY] Found 17546 items for Observation
[REQUEST] GET /dashboard_lit.html
[REQUEST] GET /css/main.css
[REQUEST] GET /css/mainNew.css
[REQUEST] GET /js/lit/AppLayout.js
[REQUEST] GET /resources/css/ext-all.css
[REQUEST] GET /resources/css/xtheme-gray.css
[REQUEST] GET /js/jquery.min-v1.6.3.js
[REQUEST] GET /js/highcharts.js
[REQUEST] GET /js/lit/pages/DashboardPage.js
[REQUEST] GET /js/highcharts.js
[REQUEST] GET /js/lit/AppLayout.js
[REQUEST] GET /js/lit/pages/DashboardPage.js
[REQUEST] GET /img/bg.png
[REQUEST] GET /
[REQUEST] GET /js/jquery.min-v1.6.3.js
[REQUEST] GET /js/jquery-ui-1.8.18.custom.min.js
[REQUEST] GET /js/jquery.cookie.js
[REQUEST] GET /js/jquery.buttons.js
[REQUEST] GET /js/ext/jquery/ext-jquery-adapter.js
[REQUEST] GET /js/ext/ext-all.js
[REQUEST] GET /js/ext/ux/Ext.ux.RowExpander.js
[REQUEST] GET /js/ext/ux/JSONErrorReader.js
[REQUEST] GET /js/ext/ux/Ext.ux.GMapsViewer.js
[REQUEST] GET /client/hc/highcharts.js
[REQUEST] GET /client/hc/modules/exporting.js
[REQUEST] GET /client/hs/highstock.js
[REQUEST] GET /js/vo/ModelsVO.js
[REQUEST] GET /js/vo/Stores.js
[REQUEST] GET /js/custom/ModeDaterangeFilter.js
[REQUEST] GET /js/custom/QuickAddLocation.js
[REQUEST] GET /js/custom/PhotoUploadCmp.js
[REQUEST] GET /js/custom/PhotoEditorCmp.js
[REQUEST] GET /js/custom/PieSlicesCmp.js
[REQUEST] GET /js/custom/RingSlicesCmp.js
[REQUEST] GET /js/custom/DateTimeCmp.js
[REQUEST] GET /js/custom/util.js
[REQUEST] GET /js/custom/local.js
[REQUEST] GET /js/apperrific.js
[REQUEST] GET /js/powdercloud.js
[REQUEST] GET /js/jquery.svg.js
[REQUEST] GET /js/powdercloud.svg.js
[REQUEST] GET /js/powdercloud.svg.rose.js
[REQUEST] GET /js/powdercloud.highcharts.util.js
[REQUEST] GET /js/pages/charts_dashboard.js
[REQUEST] GET /resources/css/ext-all.css
[REQUEST] GET /resources/css/xtheme-gray.css
[REQUEST] GET /css/main.css
[REQUEST] GET /css/mainNew.css
[REQUEST] GET /img/logo.png
[REQUEST] GET /img/bg.png
[REQUEST] GET /resources/images/gray/qtip/tip-sprite.gif
[REQUEST] GET /resources/images/gray/qtip/tip-anchor-sprite.gif
[REQUEST] GET /static/img/bg-formrow.png
[REQUEST] GET /resources/images/gray/panel/tool-sprites.gif
[REQUEST] GET /resources/images/default/form/text-bg.gif
[REQUEST] GET /resources/images/gray/form/date-trigger.gif
[REQUEST] GET /resources/images/default/dd/drop-no.gif
[REQUEST] GET /resources/images/gray/grid/col-move-top.gif
[REQUEST] GET /resources/images/gray/grid/col-move-bottom.gif
[REQUEST] GET /json/entity_query_all/?entity=SnowpackStructure&type__ObservationType__lookup=snowpackstructure&sort=date_time_start&dir=DESC&date_time_start__range=2025-12-11%2000%3A00%2F2025-12-18%2023%3A59&_dc=1766085971677&callback=stcCallback1001
[ENTITY] Fetching: SnowpackStructure
[REQUEST] GET /json/entity_query_all/?entity=Avalanche&type__ObservationType__lookup=avalanchenarrative&sort=date_time_start&dir=DESC&date_time_start__range=2025-12-11%2000%3A00%2F2025-12-18%2023%3A59&_dc=1766085971677&callback=stcCallback1002
[REQUEST] GET /json/entity_query_all/?entity=Avalanche&type__ObservationType__lookup=avalancheeventmultiple%2Cavalancheeventstandard&sort=date_time_start&dir=DESC&date_time_start__range=2025-12-11%2000%3A00%2F2025-12-18%2023%3A59&_dc=1766085971677&callback=stcCallback1003
[REQUEST] GET /json/entity_query_all/?entity=Weather&type__ObservationType__lookup=weatherfieldsummary&sort=date_time_start&dir=DESC&date_time_start__range=2025-12-11%2000%3A00%2F2025-12-18%2023%3A59&start=0&limit=20&_dc=1766085971677&callback=stcCallback1004
[REQUEST] GET /json/entity_query_all/?entity=Rating&type__ObservationType__lookup=ratingstability&sort=date_time_start&dir=DESC&date_time_start__range=2025-12-11%2000%3A00%2F2025-12-18%2023%3A59&_dc=1766085971677&callback=stcCallback1005
[REQUEST] GET /json/entity_query_all/?entity=Weather&type__ObservationType__lookup=weatherstudyplotstandard%2Cweatherstudyplotbrief&sort=date_time_start&dir=DESC&date_time_start__range=2025-12-11%2000%3A00%2F2025-12-18%2023%3A59&start=0&limit=20&_dc=1766085971677&callback=stcCallback1006
[ENTITY] Fetching: Avalanche
[ENTITY] Fetching: Avalanche
[ENTITY] Fetching: Weather
[ENTITY] Fetching: Rating
[ENTITY] Fetching: Weather
[ENTITY] Found 0 items for SnowpackStructure
[ENTITY] Found 1 items for Avalanche
[ENTITY] Found 1 items for Avalanche
[ENTITY] Found 0 items for Weather
[ENTITY] Found 0 items for Weather
[ENTITY] Found 0 items for Rating
[REQUEST] GET /json/entity_query_all/?entity=News&type__ObservationType__lookup=news&sort=date_time_start&dir=DESC&date_time_start__range=2025-12-11%2000%3A00%2F2025-12-18%2023%3A59&_dc=1766085971678&callback=stcCallback1007
[REQUEST] GET /json/entity_query_all/?entity=TerrainUsage&type__ObservationType__lookup=terrainusage&sort=date_time_start&dir=DESC&date_time_start__range=2025-12-11%2000%3A00%2F2025-12-18%2023%3A59&_dc=1766085971678&callback=stcCallback1008
[ENTITY] Fetching: News
[ENTITY] Fetching: TerrainUsage
[ENTITY] Found 0 items for News
[ENTITY] Found 0 items for TerrainUsage
[REQUEST] GET /resources/images/gray/grid/grid3-hrow2.gif
[REQUEST] GET /admin/obs_snowpack_structure.html
[REQUEST] GET /css/main.css
[REQUEST] GET /css/mainNew.css
[REQUEST] GET /resources/css/ext-all.css
[REQUEST] GET /resources/css/xtheme-gray.css
[REQUEST] GET /js/lit/AppLayout.js
[REQUEST] GET /js/lit/pages/ObservationSnowpackStructurePage.js
[REQUEST] GET /img/bg.png
[REQUEST] GET /admin/analysis_avalanche_activity.html
[REQUEST] GET /js/lit/AnalysisAvalancheActivityPage.js
[REQUEST] GET /css/main.css
[REQUEST] GET /js/highcharts.js
[REQUEST] GET /css/mainNew.css
[REQUEST] GET /resources/css/ext-all.css
[REQUEST] GET /resources/css/xtheme-gray.css
[REQUEST] GET /js/jquery.min-v1.6.3.js
[REQUEST] GET /js/lit/components/PowdercloudFilterPanel.js
[REQUEST] GET /js/lit/components/PowdercloudDashboardChart.js
[REQUEST] GET /js/lit/components/PowdercloudDashboardGrid.js
[REQUEST] GET /js/lit/components/PowdercloudContainer.js
[REQUEST] GET /js/lit/components/PowdercloudLayout.js
[REQUEST] GET /img/bg.png
[REQUEST] GET /js/lit/components/PowdercloudCard.js
[REQUEST] GET /js/lit/components/PowdercloudGrid.js
[REQUEST] GET /js/lit/components/AppDateRange.js
[REQUEST] GET /js/lit/components/AppButton.js
[REQUEST] GET /js/lit/components/AppHeader.js
[REQUEST] GET /js/lit/components/AppDisclaimer.js
[REQUEST] GET /js/lit/components/AppFooter.js
[REQUEST] GET /js/lit/components/Breadcrumbs.js
[REQUEST] GET /js/lit/components/MegaMenu.js
[REQUEST] GET /json/entity_query_all/?entity=Observation&subtype=avalanche_event&limit=100
[ENTITY] Fetching: Observation
[ENTITY] Filtering Observations by subtype: avalanche_event
[REQUEST] GET /img/logo.png
[ENTITY] Firestore returned 0 results. Generating MOCK data for avalanche_event...
[ENTITY] Found 5 items for Observation
[REQUEST] GET /dashboard_lit.html
[REQUEST] GET /js/jquery.min-v1.6.3.js
[REQUEST] GET /js/highcharts.js
[REQUEST] GET /js/lit/AppLayout.js
[REQUEST] GET /js/lit/pages/DashboardPage.js
[REQUEST] GET /css/main.css
[REQUEST] GET /resources/css/xtheme-gray.css
[REQUEST] GET /resources/css/ext-all.css
[REQUEST] GET /js/jquery.min-v1.6.3.js
[REQUEST] GET /css/mainNew.css
[REQUEST] GET /js/highcharts.js
[REQUEST] GET /img/bg.png
[REQUEST] GET /admin/analysis_public_report.html
[REQUEST] GET /css/mainNew.css
[REQUEST] GET /js/jquery.min-v1.6.3.js
[REQUEST] GET /css/main.css
[REQUEST] GET /js/lit/AppLayout.js
[REQUEST] GET /js/lit/AnalysisPublicReportPage.js
[REQUEST] GET /resources/css/ext-all.css
[REQUEST] GET /resources/css/xtheme-gray.css
[REQUEST] GET /js/highcharts.js
[REQUEST] GET /js/lit/components/PowdercloudAvalancheRose.js
[REQUEST] GET /js/lit/components/PowdercloudTabs.js
[REQUEST] GET /js/lit/components/PowdercloudLayout.js
[REQUEST] GET /js/lit/components/PowdercloudFilterPanel.js
[REQUEST] GET /js/lit/components/PowdercloudDashboardChart.js
[REQUEST] GET /js/lit/components/PowdercloudContainer.js
[REQUEST] GET /js/lit/components/PowdercloudGrid.js
[REQUEST] GET /js/lit/components/PowdercloudDashboardGrid.js
[REQUEST] GET /img/bg.png
[REQUEST] GET /js/lit/components/PowdercloudCard.js
[REQUEST] GET /js/lit/components/AppFooter.js
[REQUEST] GET /js/lit/components/AppHeader.js
[REQUEST] GET /js/lit/components/AppDisclaimer.js
[REQUEST] GET /js/lit/components/Breadcrumbs.js
[REQUEST] GET /js/lit/components/SnowProfileGraph.js
[REQUEST] GET /js/lit/components/AppButton.js
[REQUEST] GET /js/lit/components/AppDateRange.js
[REQUEST] GET /js/lit/components/MegaMenu.js
[REQUEST] GET /admin/analysis_community_summary.html
[REQUEST] GET /js/lit/AppLayout.js
[REQUEST] GET /js/lit/AnalysisCommunitySummaryPage.js
[REQUEST] GET /js/jquery.min-v1.6.3.js
[REQUEST] GET /js/highcharts.js
[REQUEST] GET /css/mainNew.css
[REQUEST] GET /css/main.css
[REQUEST] GET /resources/css/xtheme-gray.css
[REQUEST] GET /resources/css/ext-all.css
[REQUEST] GET /js/lit/components/PowdercloudLayout.js
[REQUEST] GET /js/lit/components/PowdercloudDashboardChart.js
[REQUEST] GET /js/lit/components/PowdercloudFilterPanel.js
[REQUEST] GET /js/lit/components/PowdercloudContainer.js
[REQUEST] GET /js/lit/components/PowdercloudDashboardGrid.js
[REQUEST] GET /js/lit/components/PowdercloudGrid.js
[REQUEST] GET /js/lit/components/PowdercloudCard.js
[REQUEST] GET /js/lit/components/PowdercloudTabs.js
[REQUEST] GET /js/lit/components/PowdercloudAvalancheRose.js
[REQUEST] GET /img/bg.png
[REQUEST] GET /js/lit/components/AppDisclaimer.js
[REQUEST] GET /js/lit/components/AppFooter.js
[REQUEST] GET /js/lit/components/AppHeader.js
[REQUEST] GET /js/lit/components/Breadcrumbs.js
[REQUEST] GET /js/lit/components/AppDateRange.js
[REQUEST] GET /js/lit/components/AppButton.js
[REQUEST] GET /js/lit/components/SnowProfileGraph.js
[REQUEST] GET /js/lit/components/MegaMenu.js
[REQUEST] GET /admin/analysis_basic.html
[REQUEST] GET /css/main.css
[REQUEST] GET /css/mainNew.css
[REQUEST] GET /resources/css/xtheme-gray.css
[REQUEST] GET /resources/css/ext-all.css
[REQUEST] GET /js/lit/BasicAnalysisPage.js
[REQUEST] GET /js/lit/components/PowdercloudLayout.js
[REQUEST] GET /js/lit/components/PowdercloudContainer.js
[REQUEST] GET /js/lit/components/PowdercloudGrid.js
[REQUEST] GET /js/lit/components/PowdercloudCard.js
[REQUEST] GET /js/lit/components/AppHeader.js
[REQUEST] GET /js/lit/components/AppFooter.js
[REQUEST] GET /js/lit/components/AppDisclaimer.js
[REQUEST] GET /js/lit/components/Breadcrumbs.js
[REQUEST] GET /js/lit/components/MegaMenu.js
[REQUEST] GET /img/bg.png
[REQUEST] GET /favicon.ico
[REQUEST] GET /img/logo.png
[REQUEST] GET /js/lit/AppLayout.js
[REQUEST] GET /json/entity_query_all/?entity=Terrain
[ENTITY] Fetching: Terrain
[REQUEST] GET /json/entity_query_all/?entity=Observation
[ENTITY] Fetching: Observation
[ENTITY] Found 1945 items for Terrain
[ENTITY] Found 17546 items for Observation
[REQUEST] GET /admin/analysis_avalanche_activity.html
[REQUEST] GET /css/main.css
[REQUEST] GET /css/mainNew.css
[REQUEST] GET /js/lit/AnalysisAvalancheActivityPage.js
[REQUEST] GET /resources/css/xtheme-gray.css
[REQUEST] GET /js/jquery.min-v1.6.3.js
[REQUEST] GET /js/highcharts.js
[REQUEST] GET /resources/css/ext-all.css
[REQUEST] GET /js/lit/components/PowdercloudFilterPanel.js
[REQUEST] GET /js/lit/components/PowdercloudDashboardGrid.js
[REQUEST] GET /js/lit/components/PowdercloudDashboardChart.js
[REQUEST] GET /js/lit/components/PowdercloudGrid.js
[REQUEST] GET /js/lit/components/PowdercloudContainer.js
[REQUEST] GET /js/lit/components/PowdercloudCard.js
[REQUEST] GET /js/lit/components/PowdercloudLayout.js
[REQUEST] GET /img/bg.png
[REQUEST] GET /js/lit/components/AppDateRange.js
[REQUEST] GET /js/lit/components/AppButton.js
[REQUEST] GET /js/lit/components/AppHeader.js
[REQUEST] GET /js/lit/components/Breadcrumbs.js
[REQUEST] GET /js/lit/components/AppDisclaimer.js
[REQUEST] GET /js/lit/components/AppFooter.js
[REQUEST] GET /js/lit/components/MegaMenu.js
[REQUEST] GET /json/entity_query_all/?entity=Observation&subtype=avalanche_event&limit=100
[ENTITY] Fetching: Observation
[ENTITY] Filtering Observations by subtype: avalanche_event
[REQUEST] GET /img/logo.png
[ENTITY] Firestore returned 0 results. Generating MOCK data for avalanche_event...
[ENTITY] Found 5 items for Observation
[REQUEST] GET /admin/analysis_avalanche_activity.html
[REQUEST] GET /css/main.css
[REQUEST] GET /css/mainNew.css
[REQUEST] GET /resources/css/ext-all.css
[REQUEST] GET /resources/css/xtheme-gray.css
[REQUEST] GET /js/jquery.min-v1.6.3.js
[REQUEST] GET /js/highcharts.js
[REQUEST] GET /js/lit/AnalysisAvalancheActivityPage.js
[REQUEST] GET /js/lit/components/PowdercloudFilterPanel.js
[REQUEST] GET /js/lit/components/PowdercloudDashboardChart.js
[REQUEST] GET /js/lit/components/PowdercloudDashboardGrid.js
[REQUEST] GET /js/lit/components/PowdercloudContainer.js
[REQUEST] GET /js/lit/components/PowdercloudGrid.js
[REQUEST] GET /js/lit/components/PowdercloudCard.js
[REQUEST] GET /js/lit/components/PowdercloudLayout.js
[REQUEST] GET /js/lit/components/AppHeader.js
[REQUEST] GET /js/lit/components/AppFooter.js
[REQUEST] GET /js/lit/components/AppDisclaimer.js
[REQUEST] GET /js/lit/components/Breadcrumbs.js
[REQUEST] GET /js/lit/components/AppDateRange.js
[REQUEST] GET /js/lit/components/AppButton.js
[REQUEST] GET /img/bg.png
[REQUEST] GET /js/lit/components/MegaMenu.js
[REQUEST] GET /json/entity_query_all/?entity=Observation&subtype=avalanche_event&limit=100
[ENTITY] Fetching: Observation
[ENTITY] Filtering Observations by subtype: avalanche_event
[REQUEST] GET /img/logo.png
[ENTITY] Firestore returned 0 results. Generating MOCK data for avalanche_event...
[ENTITY] Found 5 items for Observation
[REQUEST] GET /admin/analysis_public_report.html
[REQUEST] GET /css/main.css
[REQUEST] GET /resources/css/ext-all.css
[REQUEST] GET /js/highcharts.js
[REQUEST] GET /resources/css/xtheme-gray.css
[REQUEST] GET /js/lit/AppLayout.js
[REQUEST] GET /css/mainNew.css
[REQUEST] GET /js/jquery.min-v1.6.3.js
[REQUEST] GET /js/lit/AnalysisPublicReportPage.js
[REQUEST] GET /js/lit/components/PowdercloudLayout.js
[REQUEST] GET /js/lit/components/PowdercloudFilterPanel.js
[REQUEST] GET /js/lit/components/PowdercloudDashboardChart.js
[REQUEST] GET /js/lit/components/PowdercloudDashboardGrid.js
[REQUEST] GET /js/lit/components/PowdercloudAvalancheRose.js
[REQUEST] GET /js/lit/components/PowdercloudContainer.js
[REQUEST] GET /js/lit/components/PowdercloudGrid.js
[REQUEST] GET /js/lit/components/PowdercloudCard.js
[REQUEST] GET /js/lit/components/PowdercloudTabs.js
[REQUEST] GET /img/bg.png
[REQUEST] GET /js/lit/components/AppHeader.js
[REQUEST] GET /js/lit/components/AppDisclaimer.js
[REQUEST] GET /js/lit/components/AppFooter.js
[REQUEST] GET /js/lit/components/Breadcrumbs.js
[REQUEST] GET /js/lit/components/AppDateRange.js
[REQUEST] GET /js/lit/components/AppButton.js
[REQUEST] GET /js/lit/components/SnowProfileGraph.js
[REQUEST] GET /js/lit/components/MegaMenu.js
[REQUEST] GET /css/main.css
[REQUEST] GET /css/mainNew.css
[REQUEST] GET /resources/css/ext-all.css
[REQUEST] GET /resources/css/xtheme-gray.css
[REQUEST] GET /.well-known/appspecific/com.chrome.devtools.json
[REQUEST] GET /admin/analysis_public_report.html
[REQUEST] GET /css/main.css
[REQUEST] GET /js/lit/AnalysisPublicReportPage.js
[REQUEST] GET /css/mainNew.css
[REQUEST] GET /resources/css/ext-all.css
[REQUEST] GET /resources/css/xtheme-gray.css
[REQUEST] GET /js/jquery.min-v1.6.3.js
[REQUEST] GET /js/highcharts.js
[REQUEST] GET /js/lit/components/PowdercloudLayout.js
[REQUEST] GET /js/lit/components/PowdercloudFilterPanel.js
[REQUEST] GET /js/lit/components/PowdercloudDashboardChart.js
[REQUEST] GET /js/lit/components/PowdercloudDashboardGrid.js
[REQUEST] GET /js/lit/components/PowdercloudContainer.js
[REQUEST] GET /js/lit/components/PowdercloudGrid.js
[REQUEST] GET /js/lit/components/PowdercloudCard.js
[REQUEST] GET /js/lit/components/PowdercloudAvalancheRose.js
[REQUEST] GET /js/lit/components/PowdercloudTabs.js
[REQUEST] GET /img/bg.png
[REQUEST] GET /js/lit/components/AppHeader.js
[REQUEST] GET /js/lit/components/AppFooter.js
[REQUEST] GET /js/lit/components/AppDisclaimer.js
[REQUEST] GET /js/lit/components/Breadcrumbs.js
[REQUEST] GET /js/lit/components/AppDateRange.js
[REQUEST] GET /js/lit/components/AppButton.js
[REQUEST] GET /js/lit/components/SnowProfileGraph.js
[REQUEST] GET /js/lit/components/MegaMenu.js
[REQUEST] GET /admin/analysis_public_report.html
[REQUEST] GET /css/main.css
[REQUEST] GET /css/mainNew.css
[REQUEST] GET /resources/css/ext-all.css
[REQUEST] GET /resources/css/xtheme-gray.css
[REQUEST] GET /js/lit/AnalysisPublicReportPage.js
[REQUEST] GET /js/jquery.min-v1.6.3.js
[REQUEST] GET /js/highcharts.js
[REQUEST] GET /js/highcharts.js
[REQUEST] GET /js/lit/AnalysisPublicReportPage.js
[REQUEST] GET /img/bg.png
[REQUEST] GET /js/lit/components/PowdercloudLayout.js
[REQUEST] GET /js/lit/components/PowdercloudFilterPanel.js
[REQUEST] GET /js/lit/components/PowdercloudDashboardChart.js
[REQUEST] GET /js/lit/components/PowdercloudDashboardGrid.js
[REQUEST] GET /js/lit/components/PowdercloudContainer.js
[REQUEST] GET /js/lit/components/PowdercloudGrid.js
[REQUEST] GET /js/lit/components/PowdercloudCard.js
[REQUEST] GET /js/lit/components/PowdercloudAvalancheRose.js
[REQUEST] GET /js/lit/components/PowdercloudTabs.js
[REQUEST] GET /js/lit/components/AppHeader.js
[REQUEST] GET /js/lit/components/AppFooter.js
[REQUEST] GET /js/lit/components/AppDisclaimer.js
[REQUEST] GET /js/lit/components/Breadcrumbs.js
[REQUEST] GET /js/lit/components/AppDateRange.js
[REQUEST] GET /js/lit/components/AppButton.js
[REQUEST] GET /js/lit/components/SnowProfileGraph.js
[REQUEST] GET /js/lit/components/MegaMenu.js
[REQUEST] GET /js/ext/adapter/ext/ext-base.js
[REQUEST] GET /js/ext/ext-all.js
[REQUEST] GET /js/pages/observation/weather_study_plot_standard.js
